
2025-03-05 18:01:15:  current use version in ------>:  2.5.0
2025-03-05 18:02:51: [32m[Nest] 31332  - [39m03/05/2025, 6:02:51 PM [32m    LOG[39m [38;5;3m[NestFactory] [39m[32mStarting Nest application...[39m
2025-03-05 18:02:51: [32m[Nest] 31332  - [39m03/05/2025, 6:02:51 PM [32m    LOG[39m [38;5;3m[InstanceLoader] [39m[32mAppModule dependencies initialized[39m[38;5;3m +150ms[39m
2025-03-05 18:02:51: [32m[Nest] 31332  - [39m03/05/2025, 6:02:51 PM [32m    LOG[39m [38;5;3m[InstanceLoader] [39m[32mTypeOrmModule dependencies initialized[39m[38;5;3m +1ms[39m
2025-03-05 18:02:51: [32m[Nest] 31332  - [39m03/05/2025, 6:02:51 PM [32m    LOG[39m [38;5;3m[InstanceLoader] [39m[32mPassportModule dependencies initialized[39m[38;5;3m +0ms[39m
2025-03-05 18:02:51: [32m[Nest] 31332  - [39m03/05/2025, 6:02:51 PM [32m    LOG[39m [38;5;3m[InstanceLoader] [39m[32mConfigModule dependencies initialized[39m[38;5;3m +0ms[39m
2025-03-05 18:02:51: [32m[Nest] 31332  - [39m03/05/2025, 6:02:51 PM [32m    LOG[39m [38;5;3m[InstanceLoader] [39m[32mMailerModule dependencies initialized[39m[38;5;3m +0ms[39m
2025-03-05 18:02:51: [32m[Nest] 31332  - [39m03/05/2025, 6:02:51 PM [32m    LOG[39m [38;5;3m[InstanceLoader] [39m[32mDiscoveryModule dependencies initialized[39m[38;5;3m +5ms[39m
2025-03-05 18:02:51: [32m[Nest] 31332  - [39m03/05/2025, 6:02:51 PM [32m    LOG[39m [38;5;3m[InstanceLoader] [39m[32mServeStaticModule dependencies initialized[39m[38;5;3m +13ms[39m
2025-03-05 18:02:51: [32m[Nest] 31332  - [39m03/05/2025, 6:02:51 PM [32m    LOG[39m [38;5;3m[InstanceLoader] [39m[32mBullModule dependencies initialized[39m[38;5;3m +1ms[39m
2025-03-05 18:02:51: [32m[Nest] 31332  - [39m03/05/2025, 6:02:51 PM [32m    LOG[39m [38;5;3m[InstanceLoader] [39m[32mScheduleModule dependencies initialized[39m[38;5;3m +1ms[39m
2025-03-05 18:02:51: [32m[Nest] 31332  - [39m03/05/2025, 6:02:51 PM [32m    LOG[39m [38;5;3m[InstanceLoader] [39m[32mBullModule dependencies initialized[39m[38;5;3m +0ms[39m
2025-03-05 18:02:53: [32m[Nest] 31332  - [39m03/05/2025, 6:02:53 PM [32m    LOG[39m [38;5;3m[InstanceLoader] [39m[32mConfigModule dependencies initialized[39m[38;5;3m +2154ms[39m
2025-03-05 18:02:54: [32m[Nest] 31332  - [39m03/05/2025, 6:02:54 PM [32m    LOG[39m [38;5;3m[InstanceLoader] [39m[32mJwtModule dependencies initialized[39m[38;5;3m +167ms[39m
2025-03-05 18:02:54: [32m[Nest] 31332  - [39m03/05/2025, 6:02:54 PM [32m    LOG[39m [38;5;3m[InstanceLoader] [39m[32mMailerCoreModule dependencies initialized[39m[38;5;3m +1ms[39m
2025-03-05 18:02:54: [32m[Nest] 31332  - [39m03/05/2025, 6:02:54 PM [32m    LOG[39m [38;5;3m[InstanceLoader] [39m[32mMailerModule dependencies initialized[39m[38;5;3m +0ms[39m
2025-03-05 18:02:54: [32m[Nest] 31332  - [39m03/05/2025, 6:02:54 PM [32m    LOG[39m [38;5;3m[InstanceLoader] [39m[32mRedisCacheModule dependencies initialized[39m[38;5;3m +25ms[39m
2025-03-05 18:04:02:  current use version in ------>:  2.5.0
2025-03-05 18:04:11: [32m[Nest] 18632  - [39m03/05/2025, 6:04:11 PM [32m    LOG[39m [38;5;3m[NestFactory] [39m[32mStarting Nest application...[39m
2025-03-05 18:04:11: [32m[Nest] 18632  - [39m03/05/2025, 6:04:11 PM [32m    LOG[39m [38;5;3m[InstanceLoader] [39m[32mAppModule dependencies initialized[39m[38;5;3m +152ms[39m
2025-03-05 18:04:11: [32m[Nest] 18632  - [39m03/05/2025, 6:04:11 PM [32m    LOG[39m [38;5;3m[InstanceLoader] [39m[32mTypeOrmModule dependencies initialized[39m[38;5;3m +1ms[39m
2025-03-05 18:04:11: [32m[Nest] 18632  - [39m03/05/2025, 6:04:11 PM [32m    LOG[39m [38;5;3m[InstanceLoader] [39m[32mPassportModule dependencies initialized[39m[38;5;3m +1ms[39m
2025-03-05 18:04:11: [32m[Nest] 18632  - [39m03/05/2025, 6:04:11 PM [32m    LOG[39m [38;5;3m[InstanceLoader] [39m[32mConfigModule dependencies initialized[39m[38;5;3m +1ms[39m
2025-03-05 18:04:11: [32m[Nest] 18632  - [39m03/05/2025, 6:04:11 PM [32m    LOG[39m [38;5;3m[InstanceLoader] [39m[32mMailerModule dependencies initialized[39m[38;5;3m +1ms[39m
2025-03-05 18:04:11: [32m[Nest] 18632  - [39m03/05/2025, 6:04:11 PM [32m    LOG[39m [38;5;3m[InstanceLoader] [39m[32mDiscoveryModule dependencies initialized[39m[38;5;3m +6ms[39m
2025-03-05 18:04:11: [32m[Nest] 18632  - [39m03/05/2025, 6:04:11 PM [32m    LOG[39m [38;5;3m[InstanceLoader] [39m[32mServeStaticModule dependencies initialized[39m[38;5;3m +10ms[39m
2025-03-05 18:04:11: [32m[Nest] 18632  - [39m03/05/2025, 6:04:11 PM [32m    LOG[39m [38;5;3m[InstanceLoader] [39m[32mBullModule dependencies initialized[39m[38;5;3m +1ms[39m
2025-03-05 18:04:11: [32m[Nest] 18632  - [39m03/05/2025, 6:04:11 PM [32m    LOG[39m [38;5;3m[InstanceLoader] [39m[32mScheduleModule dependencies initialized[39m[38;5;3m +1ms[39m
2025-03-05 18:04:11: [32m[Nest] 18632  - [39m03/05/2025, 6:04:11 PM [32m    LOG[39m [38;5;3m[InstanceLoader] [39m[32mBullModule dependencies initialized[39m[38;5;3m +0ms[39m
2025-03-05 18:04:11: [32m[Nest] 18632  - [39m03/05/2025, 6:04:11 PM [32m    LOG[39m [38;5;3m[InstanceLoader] [39m[32mConfigModule dependencies initialized[39m[38;5;3m +196ms[39m
2025-03-05 18:04:11: [32m[Nest] 18632  - [39m03/05/2025, 6:04:11 PM [32m    LOG[39m [38;5;3m[InstanceLoader] [39m[32mJwtModule dependencies initialized[39m[38;5;3m +45ms[39m
2025-03-05 18:04:11: [32m[Nest] 18632  - [39m03/05/2025, 6:04:11 PM [32m    LOG[39m [38;5;3m[InstanceLoader] [39m[32mMailerCoreModule dependencies initialized[39m[38;5;3m +1ms[39m
2025-03-05 18:04:11: [32m[Nest] 18632  - [39m03/05/2025, 6:04:11 PM [32m    LOG[39m [38;5;3m[InstanceLoader] [39m[32mMailerModule dependencies initialized[39m[38;5;3m +0ms[39m
2025-03-05 18:04:11: [32m[Nest] 18632  - [39m03/05/2025, 6:04:11 PM [32m    LOG[39m [38;5;3m[InstanceLoader] [39m[32mRedisCacheModule dependencies initialized[39m[38;5;3m +28ms[39m
